2025-12-01 19:29:52,647 - INFO - Loading data from: data/raw/telco-customer-churn.csv
2025-12-01 19:30:17,584 - INFO - Loading data from: data/raw/telco-customer-churn.csv
2025-12-01 19:32:24,433 - INFO - Model loaded from artifacts\churn_model.joblib
2025-12-01 19:32:24,504 - INFO - Test data loaded from data\test\test_data.csv
2025-12-01 19:32:24,577 - INFO - Test Metrics: {'Recall': 0.8502673796791443, 'Precision': 0.5530434782608695, 'F1': 0.6701791359325606, 'AUC-ROC': 0.8945619881681264, 'Accuracy': 0.7778566359119943}
2025-12-01 19:32:24,580 - INFO - Metrics saved to artifacts\metrics.json
2025-12-01 19:32:25,652 - INFO - Class distribution plot saved to Figures\class_distribution.png
2025-12-01 19:32:26,316 - INFO - Confusion matrix plot saved to Figures\confusion_matrix.png
2025-12-01 19:32:26,810 - INFO - ROC curve plot saved to Figures\roc_curve.png
2025-12-01 19:32:27,719 - INFO - Feature importance plot saved to Figures\feature_importance.png
2025-12-01 19:32:28,626 - INFO - Precision-recall curve plot saved to Figures\precision_recall_curve.png
2025-12-01 19:32:34,506 - INFO - Heatmap plot saved to Figures\heatmap.png
2026-01-03 19:35:13,938 - INFO - Loading data from: data/raw/telco-customer-churn.csv
2026-01-03 19:36:20,527 - INFO - Loading data from: data/raw/telco-customer-churn.csv
2026-01-03 19:39:33,286 - INFO - Model loaded from artifacts\churn_model.joblib
2026-01-03 19:39:33,376 - INFO - Test data loaded from data\test\test_data.csv
2026-01-03 19:39:33,466 - INFO - Test Metrics: {'Recall': 0.8502673796791443, 'Precision': 0.5530434782608695, 'F1': 0.6701791359325605, 'AUC-ROC': 0.8945619881681264, 'Accuracy': 0.7778566359119943}
2026-01-03 19:39:33,469 - INFO - Metrics saved to artifacts\metrics.json
2026-01-03 19:39:35,297 - INFO - Class distribution plot saved to Figures\class_distribution.png
2026-01-03 19:39:36,143 - INFO - Confusion matrix plot saved to Figures\confusion_matrix.png
2026-01-03 19:39:36,836 - INFO - ROC curve plot saved to Figures\roc_curve.png
2026-01-03 19:39:38,305 - INFO - Feature importance plot saved to Figures\feature_importance.png
2026-01-03 19:39:38,895 - INFO - Precision-recall curve plot saved to Figures\precision_recall_curve.png
2026-01-03 19:39:48,885 - INFO - Heatmap plot saved to Figures\heatmap.png
